{
  message: 'Server is breathing on 5000',
  level: 'info',
  label: 'Tohirul',
  timestamp: '2023-07-15T09:51:56.105Z'
}
{
  message: 'Database Connection Established',
  level: 'info',
  label: 'Tohirul',
  timestamp: '2023-07-15T09:51:59.261Z'
}
{
  message: 'Server received SIGTERM signal. Server connection will be closed.',
  level: 'warn',
  label: 'Tohirul',
  timestamp: '2023-07-15T09:52:17.500Z'
}
{
  message: 'Server is breathing on 5000',
  level: 'info',
  label: 'Tohirul',
  timestamp: '2023-07-15T09:52:18.329Z'
}
{
  message: 'Database Connection Established',
  level: 'info',
  label: 'Tohirul',
  timestamp: '2023-07-15T09:52:21.138Z'
}
