{
  message: 'Server is breathing on 5000',
  level: 'info',
  label: 'Tohirul',
  timestamp: '2023-07-28T08:02:49.176Z'
}
{
  message: 'Database Connection Established',
  level: 'info',
  label: 'Tohirul',
  timestamp: '2023-07-28T08:02:52.555Z'
}
{
  message: 'Server received SIGTERM signal. Server connection will be closed.',
  level: 'warn',
  label: 'Tohirul',
  timestamp: '2023-07-28T08:03:09.510Z'
}
{
  message: 'Server is breathing on 5000',
  level: 'info',
  label: 'Tohirul',
  timestamp: '2023-07-28T08:03:10.812Z'
}
{
  message: 'Database Connection Established',
  level: 'info',
  label: 'Tohirul',
  timestamp: '2023-07-28T08:03:14.123Z'
}
{
  message: 'Server received SIGTERM signal. Server connection will be closed.',
  level: 'warn',
  label: 'Tohirul',
  timestamp: '2023-07-28T08:03:21.200Z'
}
{
  message: 'Server is breathing on 5000',
  level: 'info',
  label: 'Tohirul',
  timestamp: '2023-07-28T08:03:22.251Z'
}
{
  message: 'Database Connection Established',
  level: 'info',
  label: 'Tohirul',
  timestamp: '2023-07-28T08:03:25.461Z'
}
{
  message: 'Server received SIGTERM signal. Server connection will be closed.',
  level: 'warn',
  label: 'Tohirul',
  timestamp: '2023-07-28T08:04:36.875Z'
}
{
  message: 'Server is breathing on 5000',
  level: 'info',
  label: 'Tohirul',
  timestamp: '2023-07-28T08:04:38.021Z'
}
{
  message: 'Database Connection Established',
  level: 'info',
  label: 'Tohirul',
  timestamp: '2023-07-28T08:04:41.430Z'
}
{
  message: 'Server received SIGTERM signal. Server connection will be closed.',
  level: 'warn',
  label: 'Tohirul',
  timestamp: '2023-07-28T08:05:13.112Z'
}
{
  message: 'Server is breathing on 5000',
  level: 'info',
  label: 'Tohirul',
  timestamp: '2023-07-28T08:05:14.280Z'
}
{
  message: 'Database Connection Established',
  level: 'info',
  label: 'Tohirul',
  timestamp: '2023-07-28T08:05:17.685Z'
}
{
  message: 'Server received SIGTERM signal. Server connection will be closed.',
  level: 'warn',
  label: 'Tohirul',
  timestamp: '2023-07-28T08:39:52.557Z'
}
{
  message: 'Server is breathing on 5000',
  level: 'info',
  label: 'Tohirul',
  timestamp: '2023-07-28T08:39:53.658Z'
}
{
  message: 'Database Connection Established',
  level: 'info',
  label: 'Tohirul',
  timestamp: '2023-07-28T08:39:58.879Z'
}
{
  message: 'Server received SIGTERM signal. Server connection will be closed.',
  level: 'warn',
  label: 'Tohirul',
  timestamp: '2023-07-28T08:54:17.130Z'
}
{
  message: 'Server is breathing on 5000',
  level: 'info',
  label: 'Tohirul',
  timestamp: '2023-07-28T08:54:18.493Z'
}
{
  message: 'Database Connection Established',
  level: 'info',
  label: 'Tohirul',
  timestamp: '2023-07-28T08:54:22.723Z'
}
{
  message: 'Server received SIGTERM signal. Server connection will be closed.',
  level: 'warn',
  label: 'Tohirul',
  timestamp: '2023-07-28T08:54:46.037Z'
}
{
  message: 'Server is breathing on 5000',
  level: 'info',
  label: 'Tohirul',
  timestamp: '2023-07-28T08:54:47.017Z'
}
{
  message: 'Database Connection Established',
  level: 'info',
  label: 'Tohirul',
  timestamp: '2023-07-28T08:54:52.654Z'
}
{
  message: 'Server received SIGTERM signal. Server connection will be closed.',
  level: 'warn',
  label: 'Tohirul',
  timestamp: '2023-07-28T08:55:53.177Z'
}
{
  message: 'Server is breathing on 5000',
  level: 'info',
  label: 'Tohirul',
  timestamp: '2023-07-28T08:55:54.229Z'
}
{
  message: 'Database Connection Established',
  level: 'info',
  label: 'Tohirul',
  timestamp: '2023-07-28T08:55:57.742Z'
}
