{
  message: 'Server is breathing on 5000',
  level: 'info',
  label: 'Tohirul',
  timestamp: '2023-07-13T02:46:29.705Z'
}
{
  message: 'Database Connection Established',
  level: 'info',
  label: 'Tohirul',
  timestamp: '2023-07-13T02:46:32.647Z'
}
{
  message: 'Server received SIGTERM signal. Server connection will be closed.',
  level: 'warn',
  label: 'Tohirul',
  timestamp: '2023-07-13T02:47:20.608Z'
}
{
  message: 'Server is breathing on 5000',
  level: 'info',
  label: 'Tohirul',
  timestamp: '2023-07-13T02:47:22.073Z'
}
{
  message: 'Database Connection Established',
  level: 'info',
  label: 'Tohirul',
  timestamp: '2023-07-13T02:47:25.213Z'
}
{
  message: 'Server received SIGTERM signal. Server connection will be closed.',
  level: 'warn',
  label: 'Tohirul',
  timestamp: '2023-07-13T02:54:36.166Z'
}
{
  message: 'Server is breathing on 5000',
  level: 'info',
  label: 'Tohirul',
  timestamp: '2023-07-13T02:54:37.415Z'
}
{
  message: 'Server received SIGINT signal. Server connection will be closed.',
  level: 'warn',
  label: 'Tohirul',
  timestamp: '2023-07-13T02:54:39.187Z'
}
{
  message: 'Database Connection Established',
  level: 'info',
  label: 'Tohirul',
  timestamp: '2023-07-13T02:54:41.864Z'
}
{
  message: 'Server is breathing on 5000',
  level: 'info',
  label: 'Tohirul',
  timestamp: '2023-07-13T02:54:51.362Z'
}
{
  message: 'Database Connection Established',
  level: 'info',
  label: 'Tohirul',
  timestamp: '2023-07-13T02:54:56.248Z'
}
{
  message: 'Server is breathing on 5000',
  level: 'info',
  label: 'Tohirul',
  timestamp: '2023-07-13T02:55:43.525Z'
}
{
  message: 'Database Connection Established',
  level: 'info',
  label: 'Tohirul',
  timestamp: '2023-07-13T02:55:47.453Z'
}
