{
  message: 'Server is breathing on 5000',
  level: 'info',
  label: 'Tohirul',
  timestamp: '2023-07-14T09:01:14.228Z'
}
{
  message: 'Database Connection Established',
  level: 'info',
  label: 'Tohirul',
  timestamp: '2023-07-14T09:01:17.042Z'
}
{
  message: 'Server received SIGTERM signal. Server connection will be closed.',
  level: 'warn',
  label: 'Tohirul',
  timestamp: '2023-07-14T09:07:54.377Z'
}
{
  message: 'Server is breathing on 5000',
  level: 'info',
  label: 'Tohirul',
  timestamp: '2023-07-14T09:07:55.792Z'
}
{
  message: 'Database Connection Established',
  level: 'info',
  label: 'Tohirul',
  timestamp: '2023-07-14T09:07:58.794Z'
}
{
  message: 'Server received SIGTERM signal. Server connection will be closed.',
  level: 'warn',
  label: 'Tohirul',
  timestamp: '2023-07-14T09:24:03.182Z'
}
{
  message: 'Server is breathing on 5000',
  level: 'info',
  label: 'Tohirul',
  timestamp: '2023-07-14T09:24:05.073Z'
}
{
  message: 'Database Connection Established',
  level: 'info',
  label: 'Tohirul',
  timestamp: '2023-07-14T09:24:07.987Z'
}
{
  message: 'Server received SIGTERM signal. Server connection will be closed.',
  level: 'warn',
  label: 'Tohirul',
  timestamp: '2023-07-14T09:27:21.597Z'
}
{
  message: 'Server is breathing on 5000',
  level: 'info',
  label: 'Tohirul',
  timestamp: '2023-07-14T09:27:23.244Z'
}
{
  message: 'Database Connection Established',
  level: 'info',
  label: 'Tohirul',
  timestamp: '2023-07-14T09:27:26.138Z'
}
{
  message: 'Server received SIGTERM signal. Server connection will be closed.',
  level: 'warn',
  label: 'Tohirul',
  timestamp: '2023-07-14T09:27:31.486Z'
}
{
  message: 'Server is breathing on 5000',
  level: 'info',
  label: 'Tohirul',
  timestamp: '2023-07-14T09:27:32.419Z'
}
{
  message: 'Database Connection Established',
  level: 'info',
  label: 'Tohirul',
  timestamp: '2023-07-14T09:27:35.559Z'
}
{
  message: 'Server received SIGTERM signal. Server connection will be closed.',
  level: 'warn',
  label: 'Tohirul',
  timestamp: '2023-07-14T09:27:55.816Z'
}
{
  message: 'Server is breathing on 5000',
  level: 'info',
  label: 'Tohirul',
  timestamp: '2023-07-14T09:27:56.777Z'
}
{
  message: 'Database Connection Established',
  level: 'info',
  label: 'Tohirul',
  timestamp: '2023-07-14T09:27:59.588Z'
}
{
  message: 'Server received SIGTERM signal. Server connection will be closed.',
  level: 'warn',
  label: 'Tohirul',
  timestamp: '2023-07-14T09:38:38.075Z'
}
{
  message: 'Server is breathing on 5000',
  level: 'info',
  label: 'Tohirul',
  timestamp: '2023-07-14T09:38:39.133Z'
}
{
  message: 'Database Connection Established',
  level: 'info',
  label: 'Tohirul',
  timestamp: '2023-07-14T09:38:41.940Z'
}
