{
  statusCode: 404,
  level: 'error',
  message: 'unhandledRejection Management Department not found',
  stack: 'Error: Management Department not found\n' +
    '    at checkExistence (/home/megatron/Coding/Programming Hero/Level 2/Mission 3/Module-11/university-management-auth-service/src/app/modules/managementDepartment/managementDepartment.constant.ts:13:26)\n' +
    '    at processTicksAndRejections (node:internal/process/task_queues:95:5)',
  label: 'Tohirul',
  timestamp: '2023-08-02T07:57:59.039Z'
}
{
  statusCode: 404,
  level: 'error',
  message: 'unhandledRejection Management Department not found',
  stack: 'Error: Management Department not found\n' +
    '    at checkExistence (/home/megatron/Coding/Programming Hero/Level 2/Mission 3/Module-11/university-management-auth-service/src/app/modules/managementDepartment/managementDepartment.constant.ts:13:26)\n' +
    '    at processTicksAndRejections (node:internal/process/task_queues:95:5)',
  label: 'Tohirul',
  timestamp: '2023-08-02T07:58:13.773Z'
}
