{
  code: 'ERR_HTTP_HEADERS_SENT',
  level: 'error',
  message: 'unhandledRejection Cannot set headers after they are sent to the client',
  stack: 'Error: Cannot set headers after they are sent to the client\n' +
    '    at new NodeError (node:internal/errors:405:5)\n' +
    '    at ServerResponse.setHeader (node:_http_outgoing:652:11)\n' +
    '    at ServerResponse.header (/home/megatron/Coding/Programming Hero/Level 2/Mission 3/Module-11/university-management-auth-service/node_modules/express/lib/response.js:794:10)\n' +
    '    at ServerResponse.send (/home/megatron/Coding/Programming Hero/Level 2/Mission 3/Module-11/university-management-auth-service/node_modules/express/lib/response.js:174:12)\n' +
    '    at ServerResponse.json (/home/megatron/Coding/Programming Hero/Level 2/Mission 3/Module-11/university-management-auth-service/node_modules/express/lib/response.js:278:15)\n' +
    '    at sendResponse (/home/megatron/Coding/Programming Hero/Level 2/Mission 3/Module-11/university-management-auth-service/src/shared/sendResponse.ts:16:31)\n' +
    '    at /home/megatron/Coding/Programming Hero/Level 2/Mission 3/Module-11/university-management-auth-service/src/app/modules/academicSemester/academicSemester.controller.ts:15:17\n' +
    '    at processTicksAndRejections (node:internal/process/task_queues:95:5)',
  label: 'Tohirul',
  timestamp: '2023-07-12T08:17:52.838Z'
}
{
  statusCode: 409,
  level: 'error',
  message: 'unhandledRejection Semester already exists and cannot be submitted again',
  stack: 'Error: Semester already exists and cannot be submitted again\n' +
    '    at model.<anonymous> (/home/megatron/Coding/Programming Hero/Level 2/Mission 3/Module-11/university-management-auth-service/src/app/modules/academicSemester/academicSemester.model.ts:47:11)\n' +
    '    at processTicksAndRejections (node:internal/process/task_queues:95:5)',
  label: 'Tohirul',
  timestamp: '2023-07-12T08:19:17.796Z'
}
{
  code: 'ERR_HTTP_HEADERS_SENT',
  level: 'error',
  message: 'unhandledRejection Cannot set headers after they are sent to the client',
  stack: 'Error: Cannot set headers after they are sent to the client\n' +
    '    at new NodeError (node:internal/errors:405:5)\n' +
    '    at ServerResponse.setHeader (node:_http_outgoing:652:11)\n' +
    '    at ServerResponse.header (/home/megatron/Coding/Programming Hero/Level 2/Mission 3/Module-11/university-management-auth-service/node_modules/express/lib/response.js:794:10)\n' +
    '    at ServerResponse.send (/home/megatron/Coding/Programming Hero/Level 2/Mission 3/Module-11/university-management-auth-service/node_modules/express/lib/response.js:174:12)\n' +
    '    at ServerResponse.json (/home/megatron/Coding/Programming Hero/Level 2/Mission 3/Module-11/university-management-auth-service/node_modules/express/lib/response.js:278:15)\n' +
    '    at sendResponse (/home/megatron/Coding/Programming Hero/Level 2/Mission 3/Module-11/university-management-auth-service/src/shared/sendResponse.ts:17:31)\n' +
    '    at /home/megatron/Coding/Programming Hero/Level 2/Mission 3/Module-11/university-management-auth-service/src/app/modules/academicSemester/academicSemester.controller.ts:15:17\n' +
    '    at processTicksAndRejections (node:internal/process/task_queues:95:5)',
  label: 'Tohirul',
  timestamp: '2023-07-12T08:19:32.971Z'
}
{
  statusCode: 409,
  level: 'error',
  message: 'unhandledRejection Semester already exists and cannot be submitted again',
  stack: 'Error: Semester already exists and cannot be submitted again\n' +
    '    at model.<anonymous> (/home/megatron/Coding/Programming Hero/Level 2/Mission 3/Module-11/university-management-auth-service/src/app/modules/academicSemester/academicSemester.model.ts:47:11)\n' +
    '    at processTicksAndRejections (node:internal/process/task_queues:95:5)',
  label: 'Tohirul',
  timestamp: '2023-07-12T08:21:27.507Z'
}
{
  statusCode: 409,
  level: 'error',
  message: 'unhandledRejection Semester already exists and cannot be submitted again',
  stack: 'Error: Semester already exists and cannot be submitted again\n' +
    '    at model.<anonymous> (/home/megatron/Coding/Programming Hero/Level 2/Mission 3/Module-11/university-management-auth-service/src/app/modules/academicSemester/academicSemester.model.ts:47:11)\n' +
    '    at processTicksAndRejections (node:internal/process/task_queues:95:5)',
  label: 'Tohirul',
  timestamp: '2023-07-12T08:22:38.347Z'
}
{
  statusCode: 409,
  level: 'error',
  message: 'unhandledRejection Semester already exists and cannot be submitted again',
  stack: 'Error: Semester already exists and cannot be submitted again\n' +
    '    at model.<anonymous> (/home/megatron/Coding/Programming Hero/Level 2/Mission 3/Module-11/university-management-auth-service/src/app/modules/academicSemester/academicSemester.model.ts:47:11)\n' +
    '    at processTicksAndRejections (node:internal/process/task_queues:95:5)',
  label: 'Tohirul',
  timestamp: '2023-07-12T08:24:28.743Z'
}
{
  statusCode: 409,
  level: 'error',
  message: 'unhandledRejection Semester already exists and cannot be submitted again',
  stack: 'Error: Semester already exists and cannot be submitted again\n' +
    '    at model.<anonymous> (/home/megatron/Coding/Programming Hero/Level 2/Mission 3/Module-11/university-management-auth-service/src/app/modules/academicSemester/academicSemester.model.ts:47:11)\n' +
    '    at processTicksAndRejections (node:internal/process/task_queues:95:5)',
  label: 'Tohirul',
  timestamp: '2023-07-12T08:26:37.245Z'
}
{
  statusCode: 409,
  level: 'error',
  message: 'unhandledRejection Semester already exists and cannot be submitted again',
  stack: 'Error: Semester already exists and cannot be submitted again\n' +
    '    at model.<anonymous> (/home/megatron/Coding/Programming Hero/Level 2/Mission 3/Module-11/university-management-auth-service/src/app/modules/academicSemester/academicSemester.model.ts:47:11)\n' +
    '    at processTicksAndRejections (node:internal/process/task_queues:95:5)',
  label: 'Tohirul',
  timestamp: '2023-07-12T08:30:18.021Z'
}
{
  message: 'querySrv ECONNREFUSED _mongodb._tcp.cluster0.vvngcmu.mongodb.net',
  level: 'error',
  label: 'Tohirul',
  timestamp: '2023-07-12T08:31:18.790Z'
}
{
  message: 'querySrv ECONNREFUSED _mongodb._tcp.cluster0.vvngcmu.mongodb.net',
  level: 'error',
  label: 'Tohirul',
  timestamp: '2023-07-12T08:31:31.429Z'
}
{
  statusCode: 409,
  level: 'error',
  message: 'unhandledRejection Semester already exists and cannot be submitted again',
  stack: 'Error: Semester already exists and cannot be submitted again\n' +
    '    at model.<anonymous> (/home/megatron/Coding/Programming Hero/Level 2/Mission 3/Module-11/university-management-auth-service/src/app/modules/academicSemester/academicSemester.model.ts:47:11)\n' +
    '    at processTicksAndRejections (node:internal/process/task_queues:95:5)',
  label: 'Tohirul',
  timestamp: '2023-07-12T08:50:03.811Z'
}
{
  statusCode: 409,
  level: 'error',
  message: 'unhandledRejection Semester already exists and cannot be submitted again',
  stack: 'Error: Semester already exists and cannot be submitted again\n' +
    '    at model.<anonymous> (/home/megatron/Coding/Programming Hero/Level 2/Mission 3/Module-11/university-management-auth-service/src/app/modules/academicSemester/academicSemester.model.ts:47:11)\n' +
    '    at processTicksAndRejections (node:internal/process/task_queues:95:5)',
  label: 'Tohirul',
  timestamp: '2023-07-12T08:50:48.317Z'
}
