{
  level: 'error',
  message: 'unhandledRejection Attempted illegal state transition from [TRANSACTION_ABORTED] to [TRANSACTION_COMMITTED]',
  stack: 'MongoRuntimeError: Attempted illegal state transition from [TRANSACTION_ABORTED] to [TRANSACTION_COMMITTED]\n' +
    '    at Transaction.transition (/home/megatron/Coding/Programming Hero/Level 2/Mission 3/Module-11/university-management-auth-service/node_modules/mongodb/src/transactions.ts:168:11)\n' +
    '    at commandHandler (/home/megatron/Coding/Programming Hero/Level 2/Mission 3/Module-11/university-management-auth-service/node_modules/mongodb/src/sessions.ts:723:25)\n' +
    '    at /home/megatron/Coding/Programming Hero/Level 2/Mission 3/Module-11/university-management-auth-service/node_modules/mongodb/src/sessions.ts:784:7\n' +
    '    at /home/megatron/Coding/Programming Hero/Level 2/Mission 3/Module-11/university-management-auth-service/node_modules/mongodb/src/utils.ts:377:14\n' +
    '    at processTicksAndRejections (node:internal/process/task_queues:95:5)',
  label: 'Tohirul',
  timestamp: '2023-07-31T09:00:37.890Z',
  [Symbol(errorLabels)]: Set(0) {}
}
{
  level: 'error',
  message: 'unhandledRejection Attempted illegal state transition from [TRANSACTION_ABORTED] to [TRANSACTION_COMMITTED]',
  stack: 'MongoRuntimeError: Attempted illegal state transition from [TRANSACTION_ABORTED] to [TRANSACTION_COMMITTED]\n' +
    '    at Transaction.transition (/home/megatron/Coding/Programming Hero/Level 2/Mission 3/Module-11/university-management-auth-service/node_modules/mongodb/src/transactions.ts:168:11)\n' +
    '    at commandHandler (/home/megatron/Coding/Programming Hero/Level 2/Mission 3/Module-11/university-management-auth-service/node_modules/mongodb/src/sessions.ts:723:25)\n' +
    '    at /home/megatron/Coding/Programming Hero/Level 2/Mission 3/Module-11/university-management-auth-service/node_modules/mongodb/src/sessions.ts:784:7\n' +
    '    at /home/megatron/Coding/Programming Hero/Level 2/Mission 3/Module-11/university-management-auth-service/node_modules/mongodb/src/utils.ts:377:14\n' +
    '    at processTicksAndRejections (node:internal/process/task_queues:95:5)',
  label: 'Tohirul',
  timestamp: '2023-07-31T09:04:15.793Z',
  [Symbol(errorLabels)]: Set(0) {}
}
{
  level: 'error',
  message: 'unhandledRejection Attempted illegal state transition from [TRANSACTION_ABORTED] to [TRANSACTION_COMMITTED]',
  stack: 'MongoRuntimeError: Attempted illegal state transition from [TRANSACTION_ABORTED] to [TRANSACTION_COMMITTED]\n' +
    '    at Transaction.transition (/home/megatron/Coding/Programming Hero/Level 2/Mission 3/Module-11/university-management-auth-service/node_modules/mongodb/src/transactions.ts:168:11)\n' +
    '    at commandHandler (/home/megatron/Coding/Programming Hero/Level 2/Mission 3/Module-11/university-management-auth-service/node_modules/mongodb/src/sessions.ts:723:25)\n' +
    '    at /home/megatron/Coding/Programming Hero/Level 2/Mission 3/Module-11/university-management-auth-service/node_modules/mongodb/src/sessions.ts:784:7\n' +
    '    at /home/megatron/Coding/Programming Hero/Level 2/Mission 3/Module-11/university-management-auth-service/node_modules/mongodb/src/utils.ts:377:14\n' +
    '    at processTicksAndRejections (node:internal/process/task_queues:95:5)',
  label: 'Tohirul',
  timestamp: '2023-07-31T09:12:55.945Z',
  [Symbol(errorLabels)]: Set(0) {}
}
